0 verbose cli [
0 verbose cli   '/home/precious/.nvm/versions/node/v15.0.0/bin/node',
0 verbose cli   '/home/precious/.nvm/versions/node/v15.0.0/bin/npm',
0 verbose cli   'install',
0 verbose cli   'emailjs-com',
0 verbose cli   '--save'
0 verbose cli ]
1 info using npm@7.5.6
2 info using node@v15.0.0
3 timing config:load:defaults Completed in 5ms
4 timing config:load:file:/home/precious/.nvm/versions/node/v15.0.0/lib/node_modules/npm/npmrc Completed in 1ms
5 timing config:load:builtin Completed in 3ms
6 timing config:load:cli Completed in 6ms
7 timing config:load:env Completed in 2ms
8 timing config:load:file:/home/precious/Desktop/frontend-shopping/.npmrc Completed in 1ms
9 timing config:load:project Completed in 2ms
10 timing config:load:file:/home/precious/.npmrc Completed in 6ms
11 timing config:load:user Completed in 6ms
12 timing config:load:file:/home/precious/.nvm/versions/node/v15.0.0/etc/npmrc Completed in 1ms
13 timing config:load:global Completed in 1ms
14 timing config:load:cafile Completed in 0ms
15 timing config:load:validate Completed in 1ms
16 timing config:load:setUserAgent Completed in 2ms
17 timing config:load:setEnvs Completed in 3ms
18 timing config:load Completed in 31ms
19 verbose npm-session b040f23ba5fb1286
20 timing npm:load Completed in 61ms
21 timing arborist:ctor Completed in 3ms
22 timing idealTree:init Completed in 4593ms
23 timing idealTree:userRequests Completed in 8ms
24 silly idealTree buildDeps
25 silly fetch manifest axios@^0.21.1
26 http fetch GET 304 https://registry.npmjs.org/axios 10436ms (from cache)
27 silly fetch manifest emailjs@^3.4.0
28 http fetch GET 304 https://registry.npmjs.org/emailjs 258ms (from cache)
29 silly fetch manifest react-modal@^3.13.1
30 http fetch GET 304 https://registry.npmjs.org/react-modal 122ms (from cache)
31 silly fetch manifest react@^17.0.2
32 http fetch GET 304 https://registry.npmjs.org/react 137ms (from cache)
33 silly fetch manifest react-dom@^17.0.2
34 http fetch GET 304 https://registry.npmjs.org/react-dom 117ms (from cache)
35 silly fetch manifest react-paginate@^7.1.2
36 http fetch GET 304 https://registry.npmjs.org/react-paginate 154ms (from cache)
37 silly fetch manifest react-paystack@^3.0.3
38 http fetch GET 304 https://registry.npmjs.org/react-paystack 1145ms (from cache)
39 silly fetch manifest react@^15.0.0 || ^16.0.0
40 timing idealTree Completed in 17117ms
41 timing command:install Completed in 17200ms
42 verbose stack Error: unable to resolve dependency tree
42 verbose stack     at Arborist.[failPeerConflict] (/home/precious/.nvm/versions/node/v15.0.0/lib/node_modules/npm/node_modules/@npmcli/arborist/lib/arborist/build-ideal-tree.js:1141:25)
42 verbose stack     at Arborist.[loadPeerSet] (/home/precious/.nvm/versions/node/v15.0.0/lib/node_modules/npm/node_modules/@npmcli/arborist/lib/arborist/build-ideal-tree.js:1118:34)
42 verbose stack     at async Arborist.[buildDepStep] (/home/precious/.nvm/versions/node/v15.0.0/lib/node_modules/npm/node_modules/@npmcli/arborist/lib/arborist/build-ideal-tree.js:836:11)
42 verbose stack     at async Arborist.buildIdealTree (/home/precious/.nvm/versions/node/v15.0.0/lib/node_modules/npm/node_modules/@npmcli/arborist/lib/arborist/build-ideal-tree.js:209:7)
42 verbose stack     at async Promise.all (index 1)
42 verbose stack     at async Arborist.reify (/home/precious/.nvm/versions/node/v15.0.0/lib/node_modules/npm/node_modules/@npmcli/arborist/lib/arborist/reify.js:130:5)
42 verbose stack     at async install (/home/precious/.nvm/versions/node/v15.0.0/lib/node_modules/npm/lib/install.js:38:3)
43 verbose cwd /home/precious/Desktop/frontend-shopping
44 verbose Linux 5.3.0-62-generic
45 verbose argv "/home/precious/.nvm/versions/node/v15.0.0/bin/node" "/home/precious/.nvm/versions/node/v15.0.0/bin/npm" "install" "emailjs-com" "--save"
46 verbose node v15.0.0
47 verbose npm  v7.5.6
48 error code ERESOLVE
49 error ERESOLVE unable to resolve dependency tree
50 error
51 error While resolving: [1mfrontend-shopping[22m@[1m0.1.0[22m
51 error Found: [1mreact[22m@[1m17.0.2[22m[2m[22m
51 error [2mnode_modules/react[22m
51 error   [1mreact[22m@"[1m^17.0.2[22m" from the root project
51 error
51 error Could not resolve dependency:
51 error [35mpeer[39m [1mreact[22m@"[1m^15.0.0 || ^16.0.0[22m" from [1mreact-paystack[22m@[1m3.0.3[22m[2m[22m
51 error [2mnode_modules/react-paystack[22m
51 error   [1mreact-paystack[22m@"[1m^3.0.3[22m" from the root project
51 error
51 error Fix the upstream dependency conflict, or retry
51 error this command with --force, or --legacy-peer-deps
51 error to accept an incorrect (and potentially broken) dependency resolution.
51 error
51 error See /home/precious/Desktop/frontend-shopping/C:NODEJSnpm-cache/eresolve-report.txt for a full report.
52 verbose exit 1
