0 verbose cli [
0 verbose cli   '/home/precious/.nvm/versions/node/v14.4.0/bin/node',
0 verbose cli   '/home/precious/.nvm/versions/node/v14.4.0/bin/npm',
0 verbose cli   'install',
0 verbose cli   'emailjs-com',
0 verbose cli   '--save'
0 verbose cli ]
1 info using npm@7.5.4
2 info using node@v14.4.0
3 timing config:load:defaults Completed in 6ms
4 timing config:load:file:/home/precious/.nvm/versions/node/v14.4.0/lib/node_modules/npm/npmrc Completed in 7ms
5 timing config:load:builtin Completed in 7ms
6 timing config:load:cli Completed in 7ms
7 timing config:load:env Completed in 1ms
8 timing config:load:file:/home/precious/Desktop/frontend-shopping/.npmrc Completed in 0ms
9 timing config:load:project Completed in 2ms
10 timing config:load:file:/home/precious/.npmrc Completed in 3ms
11 timing config:load:user Completed in 3ms
12 timing config:load:file:/home/precious/.nvm/versions/node/v14.4.0/etc/npmrc Completed in 2ms
13 timing config:load:global Completed in 2ms
14 timing config:load:cafile Completed in 1ms
15 timing config:load:validate Completed in 0ms
16 timing config:load:setUserAgent Completed in 1ms
17 timing config:load:setEnvs Completed in 2ms
18 timing config:load Completed in 35ms
19 verbose npm-session 3340c7794623b170
20 timing npm:load Completed in 63ms
21 http fetch GET 200 https://registry.npmjs.org/npm 988ms
22 timing arborist:ctor Completed in 2ms
23 timing idealTree:init Completed in 4546ms
24 timing idealTree:userRequests Completed in 9ms
25 silly idealTree buildDeps
26 silly fetch manifest axios@^0.21.1
27 http fetch GET 200 https://registry.npmjs.org/axios 5271ms
28 silly fetch manifest emailjs@^3.4.0
29 http fetch GET 200 https://registry.npmjs.org/emailjs 204ms
30 silly fetch manifest react-modal@^3.13.1
31 http fetch GET 200 https://registry.npmjs.org/react-modal 146ms
32 silly fetch manifest react@^17.0.2
33 http fetch GET 200 https://registry.npmjs.org/react 199ms
34 silly fetch manifest react-dom@^17.0.2
35 http fetch GET 200 https://registry.npmjs.org/react-dom 214ms
36 silly fetch manifest react-paginate@^7.1.2
37 http fetch GET 200 https://registry.npmjs.org/react-paginate 115ms
38 silly fetch manifest react-paystack@^3.0.3
39 http fetch GET 200 https://registry.npmjs.org/react-paystack 81ms
40 silly fetch manifest react@^15.0.0 || ^16.0.0
41 timing idealTree Completed in 10933ms
42 timing command:install Completed in 10955ms
43 notice [40m[37m[39m[49m
43 notice [40m[37mNew [33mminor[39m[37m version of npm available! [31m7.5.4[39m[37m -> [32m7.14.0[39m[37m[39m[49m
43 notice [40m[37mChangelog: [36mhttps://github.com/npm/cli/releases/tag/v7.14.0[39m[37m[39m[49m
43 notice [40m[37mRun [32mnpm install -g npm@7.14.0[39m[37m to update![39m[49m
43 notice [40m[37m[39m[49m
44 verbose stack Error: unable to resolve dependency tree
44 verbose stack     at Arborist.[failPeerConflict] (/home/precious/.nvm/versions/node/v14.4.0/lib/node_modules/npm/node_modules/@npmcli/arborist/lib/arborist/build-ideal-tree.js:1136:25)
44 verbose stack     at Arborist.[loadPeerSet] (/home/precious/.nvm/versions/node/v14.4.0/lib/node_modules/npm/node_modules/@npmcli/arborist/lib/arborist/build-ideal-tree.js:1116:34)
44 verbose stack     at async Arborist.[buildDepStep] (/home/precious/.nvm/versions/node/v14.4.0/lib/node_modules/npm/node_modules/@npmcli/arborist/lib/arborist/build-ideal-tree.js:834:11)
44 verbose stack     at async Arborist.buildIdealTree (/home/precious/.nvm/versions/node/v14.4.0/lib/node_modules/npm/node_modules/@npmcli/arborist/lib/arborist/build-ideal-tree.js:209:7)
44 verbose stack     at async Promise.all (index 1)
44 verbose stack     at async Arborist.reify (/home/precious/.nvm/versions/node/v14.4.0/lib/node_modules/npm/node_modules/@npmcli/arborist/lib/arborist/reify.js:127:5)
44 verbose stack     at async install (/home/precious/.nvm/versions/node/v14.4.0/lib/node_modules/npm/lib/install.js:38:3)
45 verbose cwd /home/precious/Desktop/frontend-shopping
46 verbose Linux 5.3.0-62-generic
47 verbose argv "/home/precious/.nvm/versions/node/v14.4.0/bin/node" "/home/precious/.nvm/versions/node/v14.4.0/bin/npm" "install" "emailjs-com" "--save"
48 verbose node v14.4.0
49 verbose npm  v7.5.4
50 error code ERESOLVE
51 error ERESOLVE unable to resolve dependency tree
52 error
53 error While resolving: [1mfrontend-shopping[22m@[1m0.1.0[22m
53 error Found: [1mreact[22m@[1m17.0.2[22m[2m[22m
53 error [2mnode_modules/react[22m
53 error   [1mreact[22m@"[1m^17.0.2[22m" from the root project
53 error
53 error Could not resolve dependency:
53 error [35mpeer[39m [1mreact[22m@"[1m^15.0.0 || ^16.0.0[22m" from [1mreact-paystack[22m@[1m3.0.3[22m[2m[22m
53 error [2mnode_modules/react-paystack[22m
53 error   [1mreact-paystack[22m@"[1m^3.0.3[22m" from the root project
53 error
53 error Fix the upstream dependency conflict, or retry
53 error this command with --force, or --legacy-peer-deps
53 error to accept an incorrect (and potentially broken) dependency resolution.
53 error
53 error See /home/precious/Desktop/frontend-shopping/C:NODEJSnpm-cache/eresolve-report.txt for a full report.
54 verbose exit 1
