0 verbose cli [
0 verbose cli   '/home/precious/.nvm/versions/node/v14.4.0/bin/node',
0 verbose cli   '/home/precious/.nvm/versions/node/v14.4.0/bin/npm',
0 verbose cli   'i',
0 verbose cli   'use-updatable-state'
0 verbose cli ]
1 info using npm@7.5.4
2 info using node@v14.4.0
3 timing config:load:defaults Completed in 5ms
4 timing config:load:file:/home/precious/.nvm/versions/node/v14.4.0/lib/node_modules/npm/npmrc Completed in 3ms
5 timing config:load:builtin Completed in 3ms
6 timing config:load:cli Completed in 5ms
7 timing config:load:env Completed in 2ms
8 timing config:load:file:/home/precious/Desktop/frontend-shopping/.npmrc Completed in 1ms
9 timing config:load:project Completed in 2ms
10 timing config:load:file:/home/precious/.npmrc Completed in 2ms
11 timing config:load:user Completed in 2ms
12 timing config:load:file:/home/precious/.nvm/versions/node/v14.4.0/etc/npmrc Completed in 1ms
13 timing config:load:global Completed in 1ms
14 timing config:load:cafile Completed in 0ms
15 timing config:load:validate Completed in 2ms
16 timing config:load:setUserAgent Completed in 1ms
17 timing config:load:setEnvs Completed in 2ms
18 timing config:load Completed in 26ms
19 verbose npm-session 43004a739305c6d5
20 timing npm:load Completed in 50ms
21 http fetch GET 304 https://registry.npmjs.org/npm 764ms (from cache)
22 timing arborist:ctor Completed in 3ms
23 timing idealTree:init Completed in 4493ms
24 timing idealTree:userRequests Completed in 7ms
25 silly idealTree buildDeps
26 silly fetch manifest axios@^0.21.1
27 http fetch GET 304 https://registry.npmjs.org/axios 21227ms (from cache)
28 silly fetch manifest react-paginate@^7.1.2
29 http fetch GET 304 https://registry.npmjs.org/react-paginate 402ms (from cache)
30 silly fetch manifest react@^17.0.2
31 http fetch GET 304 https://registry.npmjs.org/react 172ms (from cache)
32 silly fetch manifest use-updatable-state@*
33 http fetch GET 404 https://registry.npmjs.org/use-updatable-state 94ms
34 http fetch GET 404 https://registry.npmjs.org/use-updatable-state 1204ms
35 silly placeDep ROOT axios@0.21.1 OK for: frontend-shopping@0.1.0 want: ^0.21.1
36 silly placeDep ROOT react-paginate@7.1.2 OK for: frontend-shopping@0.1.0 want: ^7.1.2
37 silly placeDep ROOT use-updatable-state@ OK for: frontend-shopping@0.1.0 want: *
38 timing idealTree:#root Completed in 23170ms
39 timing idealTree:node_modules/axios Completed in 0ms
40 timing idealTree:node_modules/react-paginate Completed in 0ms
41 timing idealTree:node_modules/use-updatable-state Completed in 0ms
42 timing idealTree:buildDeps Completed in 23175ms
43 timing idealTree:fixDepFlags Completed in 51ms
44 timing idealTree Completed in 27729ms
45 timing command:install Completed in 27749ms
46 notice [40m[37m[39m[49m
46 notice [40m[37mNew [33mminor[39m[37m version of npm available! [31m7.5.4[39m[37m -> [32m7.13.0[39m[37m[39m[49m
46 notice [40m[37mChangelog: [36mhttps://github.com/npm/cli/releases/tag/v7.13.0[39m[37m[39m[49m
46 notice [40m[37mRun [32mnpm install -g npm@7.13.0[39m[37m to update![39m[49m
46 notice [40m[37m[39m[49m
47 verbose stack Error: 404 Not Found - GET https://registry.npmjs.org/use-updatable-state - Not found
47 verbose stack     at /home/precious/.nvm/versions/node/v14.4.0/lib/node_modules/npm/node_modules/npm-registry-fetch/check-response.js:123:15
47 verbose stack     at processTicksAndRejections (internal/process/task_queues.js:97:5)
47 verbose stack     at async Arborist.[nodeFromEdge] (/home/precious/.nvm/versions/node/v14.4.0/lib/node_modules/npm/node_modules/@npmcli/arborist/lib/arborist/build-ideal-tree.js:886:19)
47 verbose stack     at async Arborist.[buildDepStep] (/home/precious/.nvm/versions/node/v14.4.0/lib/node_modules/npm/node_modules/@npmcli/arborist/lib/arborist/build-ideal-tree.js:834:11)
47 verbose stack     at async Arborist.buildIdealTree (/home/precious/.nvm/versions/node/v14.4.0/lib/node_modules/npm/node_modules/@npmcli/arborist/lib/arborist/build-ideal-tree.js:209:7)
47 verbose stack     at async Promise.all (index 1)
47 verbose stack     at async Arborist.reify (/home/precious/.nvm/versions/node/v14.4.0/lib/node_modules/npm/node_modules/@npmcli/arborist/lib/arborist/reify.js:127:5)
47 verbose stack     at async install (/home/precious/.nvm/versions/node/v14.4.0/lib/node_modules/npm/lib/install.js:38:3)
48 verbose statusCode 404
49 verbose pkgid use-updatable-state@*
50 verbose cwd /home/precious/Desktop/frontend-shopping
51 verbose Linux 5.3.0-62-generic
52 verbose argv "/home/precious/.nvm/versions/node/v14.4.0/bin/node" "/home/precious/.nvm/versions/node/v14.4.0/bin/npm" "i" "use-updatable-state"
53 verbose node v14.4.0
54 verbose npm  v7.5.4
55 error code E404
56 error 404 Not Found - GET https://registry.npmjs.org/use-updatable-state - Not found
57 error 404
58 error 404 'use-updatable-state@*' is not in the npm registry.
59 error 404 You should bug the author to publish it (or use the name yourself!)
60 error 404 Note that you can also install from a
61 error 404 tarball, folder, http url, or git url.
62 verbose exit 1
