0 verbose cli [
0 verbose cli   '/home/precious/.nvm/versions/node/v14.4.0/bin/node',
0 verbose cli   '/home/precious/.nvm/versions/node/v14.4.0/bin/npm',
0 verbose cli   'install',
0 verbose cli   'react-paginate',
0 verbose cli   '--save'
0 verbose cli ]
1 info using npm@7.5.4
2 info using node@v14.4.0
3 timing config:load:defaults Completed in 11ms
4 timing config:load:file:/home/precious/.nvm/versions/node/v14.4.0/lib/node_modules/npm/npmrc Completed in 3ms
5 timing config:load:builtin Completed in 3ms
6 timing config:load:cli Completed in 7ms
7 timing config:load:env Completed in 1ms
8 timing config:load:file:/home/precious/Desktop/frontend-shopping/.npmrc Completed in 1ms
9 timing config:load:project Completed in 2ms
10 timing config:load:file:/home/precious/.npmrc Completed in 2ms
11 timing config:load:user Completed in 2ms
12 timing config:load:file:/home/precious/.nvm/versions/node/v14.4.0/etc/npmrc Completed in 1ms
13 timing config:load:global Completed in 1ms
14 timing config:load:cafile Completed in 0ms
15 timing config:load:validate Completed in 1ms
16 timing config:load:setUserAgent Completed in 1ms
17 timing config:load:setEnvs Completed in 3ms
18 timing config:load Completed in 33ms
19 verbose npm-session ec85f3284564606e
20 timing npm:load Completed in 63ms
21 http fetch GET 200 https://registry.npmjs.org/npm 934ms
22 timing arborist:ctor Completed in 3ms
23 timing idealTree:init Completed in 5230ms
24 timing idealTree:userRequests Completed in 7ms
25 silly idealTree buildDeps
26 silly fetch manifest axios@^0.21.1
27 http fetch GET 200 https://registry.npmjs.org/axios 5933ms
28 silly fetch manifest react-paginate@*
29 http fetch GET 200 https://registry.npmjs.org/react-paginate 295ms
30 silly fetch manifest react@^17.0.2
31 http fetch GET 200 https://registry.npmjs.org/react 218ms
32 silly placeDep ROOT axios@0.21.1 OK for: frontend-shopping@0.1.0 want: ^0.21.1
33 silly placeDep ROOT react-paginate@7.1.2 OK for: frontend-shopping@0.1.0 want: *
34 timing idealTree:#root Completed in 6527ms
35 timing idealTree:node_modules/axios Completed in 0ms
36 timing idealTree:node_modules/react-paginate Completed in 0ms
37 timing idealTree:buildDeps Completed in 6531ms
38 timing idealTree:fixDepFlags Completed in 56ms
39 timing idealTree Completed in 11943ms
40 timing reify:loadTrees Completed in 11945ms
41 timing reify:diffTrees Completed in 148ms
42 silly reify mark retired [
42 silly reify   '/home/precious/Desktop/frontend-shopping/node_modules/babel-jest/node_modules/json5',
42 silly reify   '/home/precious/Desktop/frontend-shopping/node_modules/babel-jest/node_modules/.bin/json5'
42 silly reify ]
43 silly reify mark retired [
43 silly reify   '/home/precious/Desktop/frontend-shopping/node_modules/babel-preset-react-app/node_modules/json5',
43 silly reify   '/home/precious/Desktop/frontend-shopping/node_modules/babel-preset-react-app/node_modules/.bin/json5'
43 silly reify ]
44 silly reify mark retired [
44 silly reify   '/home/precious/Desktop/frontend-shopping/node_modules/eslint-plugin-testing-library/node_modules/semver',
44 silly reify   '/home/precious/Desktop/frontend-shopping/node_modules/eslint-plugin-testing-library/node_modules/.bin/semver'
44 silly reify ]
45 silly reify mark retired [
45 silly reify   '/home/precious/Desktop/frontend-shopping/node_modules/react-paginate'
45 silly reify ]
46 silly reify mark retired [
46 silly reify   '/home/precious/Desktop/frontend-shopping/node_modules/react-scripts/node_modules/json5',
46 silly reify   '/home/precious/Desktop/frontend-shopping/node_modules/react-scripts/node_modules/.bin/json5'
46 silly reify ]
47 silly reify mark retired [
47 silly reify   '/home/precious/Desktop/frontend-shopping/node_modules/which',
47 silly reify   '/home/precious/Desktop/frontend-shopping/node_modules/.bin/which'
47 silly reify ]
48 silly reify mark retired [
48 silly reify   '/home/precious/Desktop/frontend-shopping/node_modules/@babel/helper-create-class-features-plugin/node_modules/json5',
48 silly reify   '/home/precious/Desktop/frontend-shopping/node_modules/@babel/helper-create-class-features-plugin/node_modules/.bin/json5'
48 silly reify ]
49 silly reify moves {
49 silly reify   '/home/precious/Desktop/frontend-shopping/node_modules/babel-jest/node_modules/json5': '/home/precious/Desktop/frontend-shopping/node_modules/babel-jest/node_modules/.json5-G2p51CsT',
49 silly reify   '/home/precious/Desktop/frontend-shopping/node_modules/babel-jest/node_modules/.bin/json5': '/home/precious/Desktop/frontend-shopping/node_modules/babel-jest/node_modules/.bin/.json5-p016wkoZ',
49 silly reify   '/home/precious/Desktop/frontend-shopping/node_modules/babel-preset-react-app/node_modules/json5': '/home/precious/Desktop/frontend-shopping/node_modules/babel-preset-react-app/node_modules/.json5-oCZVJFJH',
49 silly reify   '/home/precious/Desktop/frontend-shopping/node_modules/babel-preset-react-app/node_modules/.bin/json5': '/home/precious/Desktop/frontend-shopping/node_modules/babel-preset-react-app/node_modules/.bin/.json5-0pLGIfaN',
49 silly reify   '/home/precious/Desktop/frontend-shopping/node_modules/eslint-plugin-testing-library/node_modules/semver': '/home/precious/Desktop/frontend-shopping/node_modules/eslint-plugin-testing-library/node_modules/.semver-UATexZue',
49 silly reify   '/home/precious/Desktop/frontend-shopping/node_modules/eslint-plugin-testing-library/node_modules/.bin/semver': '/home/precious/Desktop/frontend-shopping/node_modules/eslint-plugin-testing-library/node_modules/.bin/.semver-kSb60al1',
49 silly reify   '/home/precious/Desktop/frontend-shopping/node_modules/react-paginate': '/home/precious/Desktop/frontend-shopping/node_modules/.react-paginate-RR7XEhkd',
49 silly reify   '/home/precious/Desktop/frontend-shopping/node_modules/react-scripts/node_modules/json5': '/home/precious/Desktop/frontend-shopping/node_modules/react-scripts/node_modules/.json5-9uqO4XjV',
49 silly reify   '/home/precious/Desktop/frontend-shopping/node_modules/react-scripts/node_modules/.bin/json5': '/home/precious/Desktop/frontend-shopping/node_modules/react-scripts/node_modules/.bin/.json5-aTxSFrLW',
49 silly reify   '/home/precious/Desktop/frontend-shopping/node_modules/which': '/home/precious/Desktop/frontend-shopping/node_modules/.which-Z8ctVeeF',
49 silly reify   '/home/precious/Desktop/frontend-shopping/node_modules/.bin/which': '/home/precious/Desktop/frontend-shopping/node_modules/.bin/.which-8nCkXaVw',
49 silly reify   '/home/precious/Desktop/frontend-shopping/node_modules/@babel/helper-create-class-features-plugin/node_modules/json5': '/home/precious/Desktop/frontend-shopping/node_modules/@babel/helper-create-class-features-plugin/node_modules/.json5-HySHa13b',
49 silly reify   '/home/precious/Desktop/frontend-shopping/node_modules/@babel/helper-create-class-features-plugin/node_modules/.bin/json5': '/home/precious/Desktop/frontend-shopping/node_modules/@babel/helper-create-class-features-plugin/node_modules/.bin/.json5-n7NSoem3'
49 silly reify }
50 timing reify:rollback:retireShallow Completed in 14ms
51 timing command:install Completed in 12153ms
52 notice [40m[37m[39m[49m
52 notice [40m[37mNew [33mminor[39m[37m version of npm available! [31m7.5.4[39m[37m -> [32m7.13.0[39m[37m[39m[49m
52 notice [40m[37mChangelog: [36mhttps://github.com/npm/cli/releases/tag/v7.13.0[39m[37m[39m[49m
52 notice [40m[37mRun [32mnpm install -g npm@7.13.0[39m[37m to update![39m[49m
52 notice [40m[37m[39m[49m
53 verbose stack Error: ENOTEMPTY: directory not empty, rename '/home/precious/Desktop/frontend-shopping/node_modules/babel-jest/node_modules/json5' -> '/home/precious/Desktop/frontend-shopping/node_modules/babel-jest/node_modules/.json5-G2p51CsT'
54 verbose cwd /home/precious/Desktop/frontend-shopping
55 verbose Linux 5.3.0-62-generic
56 verbose argv "/home/precious/.nvm/versions/node/v14.4.0/bin/node" "/home/precious/.nvm/versions/node/v14.4.0/bin/npm" "install" "react-paginate" "--save"
57 verbose node v14.4.0
58 verbose npm  v7.5.4
59 error code ENOTEMPTY
60 error syscall rename
61 error path /home/precious/Desktop/frontend-shopping/node_modules/babel-jest/node_modules/json5
62 error dest /home/precious/Desktop/frontend-shopping/node_modules/babel-jest/node_modules/.json5-G2p51CsT
63 error errno -39
64 error ENOTEMPTY: directory not empty, rename '/home/precious/Desktop/frontend-shopping/node_modules/babel-jest/node_modules/json5' -> '/home/precious/Desktop/frontend-shopping/node_modules/babel-jest/node_modules/.json5-G2p51CsT'
65 verbose exit -39
