0 verbose cli [
0 verbose cli   '/home/precious/.nvm/versions/node/v15.0.0/bin/node',
0 verbose cli   '/home/precious/.nvm/versions/node/v15.0.0/bin/npm',
0 verbose cli   'install'
0 verbose cli ]
1 info using npm@7.5.6
2 info using node@v15.0.0
3 timing config:load:defaults Completed in 8ms
4 timing config:load:file:/home/precious/.nvm/versions/node/v15.0.0/lib/node_modules/npm/npmrc Completed in 2ms
5 timing config:load:builtin Completed in 3ms
6 timing config:load:cli Completed in 4ms
7 timing config:load:env Completed in 1ms
8 timing config:load:file:/home/precious/Desktop/frontend-shopping/.npmrc Completed in 0ms
9 timing config:load:project Completed in 2ms
10 timing config:load:file:/home/precious/.npmrc Completed in 37ms
11 timing config:load:user Completed in 37ms
12 timing config:load:file:/home/precious/.nvm/versions/node/v15.0.0/etc/npmrc Completed in 1ms
13 timing config:load:global Completed in 2ms
14 timing config:load:cafile Completed in 1ms
15 timing config:load:validate Completed in 3ms
16 timing config:load:setUserAgent Completed in 2ms
17 timing config:load:setEnvs Completed in 3ms
18 timing config:load Completed in 69ms
19 verbose npm-session 9ba1a21a45fb3188
20 timing npm:load Completed in 153ms
21 http fetch GET 200 https://registry.npmjs.org/npm 2812ms
22 timing arborist:ctor Completed in 3ms
23 timing idealTree:init Completed in 5179ms
24 timing idealTree:userRequests Completed in 0ms
25 silly idealTree buildDeps
26 silly fetch manifest axios@^0.21.1
27 http fetch GET 200 https://registry.npmjs.org/axios 461ms
28 silly fetch manifest emailjs@^3.4.0
29 http fetch GET 200 https://registry.npmjs.org/emailjs 20981ms
30 silly fetch manifest emailjs-com@^2.6.4
31 http fetch GET 200 https://registry.npmjs.org/emailjs-com 1545ms
32 silly fetch manifest react-modal@^3.13.1
33 http fetch GET 200 https://registry.npmjs.org/react-modal 394ms
34 silly fetch manifest react@^17.0.2
35 http fetch GET 200 https://registry.npmjs.org/react 752ms
36 silly fetch manifest react-dom@^17.0.2
37 http fetch GET 200 https://registry.npmjs.org/react-dom 835ms
38 silly fetch manifest react-paginate@^7.1.2
39 http fetch GET 200 https://registry.npmjs.org/react-paginate 1252ms
40 silly fetch manifest react-paystack@^3.0.3
41 http fetch GET 200 https://registry.npmjs.org/react-paystack 1129ms
42 silly fetch manifest react@^15.0.0 || ^16.0.0
43 timing idealTree Completed in 32731ms
44 timing command:install Completed in 32757ms
45 notice [40m[37m[39m[49m
45 notice [40m[37mNew [33mminor[39m[37m version of npm available! [31m7.5.6[39m[37m -> [32m7.16.0[39m[37m[39m[49m
45 notice [40m[37mChangelog: [36mhttps://github.com/npm/cli/releases/tag/v7.16.0[39m[37m[39m[49m
45 notice [40m[37mRun [32mnpm install -g npm@7.16.0[39m[37m to update![39m[49m
45 notice [40m[37m[39m[49m
46 verbose stack Error: unable to resolve dependency tree
46 verbose stack     at Arborist.[failPeerConflict] (/home/precious/.nvm/versions/node/v15.0.0/lib/node_modules/npm/node_modules/@npmcli/arborist/lib/arborist/build-ideal-tree.js:1141:25)
46 verbose stack     at Arborist.[loadPeerSet] (/home/precious/.nvm/versions/node/v15.0.0/lib/node_modules/npm/node_modules/@npmcli/arborist/lib/arborist/build-ideal-tree.js:1118:34)
46 verbose stack     at async Arborist.[buildDepStep] (/home/precious/.nvm/versions/node/v15.0.0/lib/node_modules/npm/node_modules/@npmcli/arborist/lib/arborist/build-ideal-tree.js:836:11)
46 verbose stack     at async Arborist.buildIdealTree (/home/precious/.nvm/versions/node/v15.0.0/lib/node_modules/npm/node_modules/@npmcli/arborist/lib/arborist/build-ideal-tree.js:209:7)
46 verbose stack     at async Promise.all (index 1)
46 verbose stack     at async Arborist.reify (/home/precious/.nvm/versions/node/v15.0.0/lib/node_modules/npm/node_modules/@npmcli/arborist/lib/arborist/reify.js:130:5)
46 verbose stack     at async install (/home/precious/.nvm/versions/node/v15.0.0/lib/node_modules/npm/lib/install.js:38:3)
47 verbose cwd /home/precious/Desktop/frontend-shopping
48 verbose Linux 5.3.0-62-generic
49 verbose argv "/home/precious/.nvm/versions/node/v15.0.0/bin/node" "/home/precious/.nvm/versions/node/v15.0.0/bin/npm" "install"
50 verbose node v15.0.0
51 verbose npm  v7.5.6
52 error code ERESOLVE
53 error ERESOLVE unable to resolve dependency tree
54 error
55 error While resolving: [1mfrontend-shopping[22m@[1m0.1.0[22m
55 error Found: [1mreact[22m@[1m17.0.2[22m[2m[22m
55 error [2mnode_modules/react[22m
55 error   [1mreact[22m@"[1m^17.0.2[22m" from the root project
55 error
55 error Could not resolve dependency:
55 error [35mpeer[39m [1mreact[22m@"[1m^15.0.0 || ^16.0.0[22m" from [1mreact-paystack[22m@[1m3.0.3[22m[2m[22m
55 error [2mnode_modules/react-paystack[22m
55 error   [1mreact-paystack[22m@"[1m^3.0.3[22m" from the root project
55 error
55 error Fix the upstream dependency conflict, or retry
55 error this command with --force, or --legacy-peer-deps
55 error to accept an incorrect (and potentially broken) dependency resolution.
55 error
55 error See /home/precious/Desktop/frontend-shopping/C:NODEJSnpm-cache/eresolve-report.txt for a full report.
56 verbose exit 1
